<?xml version="1.0" encoding="UTF-8"?>
<!-- Generated by org.testng.reporters.JUnitReportReporter -->
<testsuite hostname="DESKTOP-BA0E603" name="DriverFactory.AppTest" tests="1" failures="0" timestamp="22 Jul 2020 13:59:45 GMT" time="164.474" errors="0">
  <testcase name="kickStart" time="164.474" classname="DriverFactory.AppTest"/>
</testsuite> <!-- DriverFactory.AppTest -->
